\BOOKMARK [1][-]{appendix.A}{\376\377\000A\000p\000p\000e\000n\000d\000i\000x\000\040\000A\000:\000\040\000D\000e\000t\000a\000i\000l\000e\000d\000\040\000D\000e\000r\000i\000v\000a\000t\000i\000o\000n\000s}{}% 1
\BOOKMARK [2][-]{subsection.A.1}{\376\377\000H\000J\000B\000\040\000A\000n\000a\000l\000y\000s\000i\000s\000:\000\040\000H\000a\000m\000i\000l\000t\000o\000n\000i\000a\000n\000,\000\040\000K\000K\000T\000,\000\040\000a\000n\000d\000\040\000C\000o\000n\000v\000e\000x\000i\000t\000y}{appendix.A}% 2
\BOOKMARK [2][-]{subsection.A.2}{\376\377\000D\000e\000r\000i\000v\000i\000n\000g\000\040\000t\000h\000e\000\040\000g\000e\000n\000e\000r\000a\000l\000i\000z\000e\000d\000\040\000m\000a\000s\000t\000e\000r\000\040\000e\000q\000u\000a\000t\000i\000o\000n}{appendix.A}% 3
\BOOKMARK [1][-]{appendix.B}{\376\377\000M\000a\000t\000h\000e\000m\000a\000t\000i\000c\000a\000l\000\040\000S\000e\000t\000u\000p\000:\000\040\000S\000t\000a\000t\000e\000\040\000S\000p\000a\000c\000e\000,\000\040\000M\000e\000a\000s\000u\000r\000e\000s\000,\000\040\000a\000n\000d\000\040\000D\000i\000f\000f\000e\000r\000e\000n\000t\000i\000a\000t\000i\000o\000n\000\040\000o\000n\000\040\000P}{}% 4
\BOOKMARK [2][-]{subsection.B.1}{\376\377\000S\000t\000a\000t\000e\000\040\000s\000p\000a\000c\000e\000\040\000a\000n\000d\000\040\000p\000r\000o\000b\000a\000b\000i\000l\000i\000t\000y\000\040\000m\000e\000t\000r\000i\000c\000s}{appendix.B}% 5
\BOOKMARK [2][-]{subsection.B.2}{\376\377\000G\000e\000n\000e\000r\000a\000t\000o\000r\000s\000,\000\040\000d\000o\000m\000a\000i\000n\000s\000,\000\040\000a\000n\000d\000\040\000a\000d\000j\000o\000i\000n\000t\000s}{appendix.B}% 6
\BOOKMARK [1][-]{appendix.C}{\376\377\000G\000e\000n\000e\000r\000a\000l\000\040\000E\000q\000u\000i\000l\000i\000b\000r\000i\000u\000m\000\040\000a\000n\000d\000\040\000A\000s\000s\000e\000t\000\040\000P\000r\000i\000c\000i\000n\000g}{}% 7
\BOOKMARK [1][-]{appendix.D}{\376\377\000F\000i\000r\000m\000\040\000P\000r\000o\000b\000l\000e\000m\000\040\000a\000n\000d\000\040\000t\000h\000e\000\040\000S\000t\000a\000t\000i\000o\000n\000a\000r\000y\000\040\000H\000J\000B}{}% 8
\BOOKMARK [1][-]{appendix.E}{\376\377\000K\000o\000l\000m\000o\000g\000o\000r\000o\000v\040\023\000F\000o\000r\000w\000a\000r\000d\000\040\000\050\000F\000P\000\051\000\040\000E\000q\000u\000a\000t\000i\000o\000n}{}% 9
\BOOKMARK [2][-]{subsection.E.1}{\376\377\000B\000o\000u\000n\000d\000a\000r\000y\000\040\000a\000n\000d\000\040\000i\000n\000t\000e\000g\000r\000a\000b\000i\000l\000i\000t\000y}{appendix.E}% 10
\BOOKMARK [1][-]{appendix.F}{\376\377\000M\000a\000r\000k\000e\000t\000\040\000C\000l\000e\000a\000r\000i\000n\000g}{}% 11
\BOOKMARK [1][-]{appendix.G}{\376\377\000M\000a\000s\000t\000e\000r\000\040\000E\000q\000u\000a\000t\000i\000o\000n\000\040\000\050\000S\000t\000a\000t\000i\000o\000n\000a\000r\000y\000,\000\040\000C\000o\000n\000d\000i\000t\000i\000o\000n\000a\000l\000\040\000o\000n\000\040\000x\000\051}{}% 12
\BOOKMARK [2][-]{subsection.G.1}{\376\377\000D\000e\000r\000i\000v\000a\000t\000i\000o\000n\000\040\000o\000f\000\040\000t\000h\000e\000\040\000G\000e\000n\000e\000r\000a\000l\000\040\000E\000q\000u\000i\000l\000i\000b\000r\000i\000u\000m\000\040\000E\000x\000t\000e\000r\000n\000a\000l\000i\000t\000i\000e\000s}{appendix.G}% 13
\BOOKMARK [2][-]{subsection.G.2}{\376\377\000E\000q\000u\000i\000v\000a\000l\000e\000n\000c\000e\000\040\000a\000n\000d\000\040\000M\000o\000n\000o\000t\000o\000n\000i\000c\000i\000t\000y}{appendix.G}% 14
\BOOKMARK [1][-]{appendix.H}{\376\377\000B\000o\000u\000n\000d\000a\000r\000y\000\040\000a\000n\000d\000\040\000R\000e\000g\000u\000l\000a\000r\000i\000t\000y\000\040\000C\000o\000n\000d\000i\000t\000i\000o\000n\000s}{}% 15
\BOOKMARK [1][-]{appendix.I}{\376\377\000C\000o\000m\000p\000u\000t\000a\000t\000i\000o\000n\000:\000\040\000M\000e\000t\000h\000o\000d\000o\000l\000o\000g\000i\000e\000s\000\040\000a\000n\000d\000\040\000I\000m\000p\000l\000e\000m\000e\000n\000t\000a\000t\000i\000o\000n}{}% 16
\BOOKMARK [2][-]{subsection.I.1}{\376\377\000D\000i\000s\000c\000r\000e\000t\000i\000z\000a\000t\000i\000o\000n\000\040\000f\000o\000r\000\040\000P\000D\000E\000\040\000M\000e\000t\000h\000o\000d\000s\000:\000\040\000F\000V\000M\000\040\000a\000n\000d\000\040\000U\000p\000w\000i\000n\000d\000i\000n\000g}{appendix.I}% 17
\BOOKMARK [2][-]{subsection.I.2}{\376\377\000R\000o\000u\000t\000e\000\040\000A\000:\000\040\000H\000J\000B\040\023\000F\000P\000\040\000F\000i\000x\000e\000d\000\040\000P\000o\000i\000n\000t\000\040\000\050\000G\000e\000n\000e\000r\000a\000l\000\040\000E\000q\000u\000i\000l\000i\000b\000r\000i\000u\000m\000\051}{appendix.I}% 18
\BOOKMARK [2][-]{subsection.I.3}{\376\377\000R\000o\000u\000t\000e\000\040\000B\000:\000\040\000D\000i\000r\000e\000c\000t\000\040\000M\000a\000s\000t\000e\000r\000-\000P\000D\000E\000\040\000C\000o\000l\000l\000o\000c\000a\000t\000i\000o\000n\000\040\000\050\000G\000e\000n\000e\000r\000a\000l\000\040\000E\000q\000u\000i\000l\000i\000b\000r\000i\000u\000m\000\051}{appendix.I}% 19
\BOOKMARK [2][-]{subsection.I.4}{\376\377\000R\000o\000u\000t\000e\000\040\000C\000:\000\040\000P\000r\000o\000b\000a\000b\000i\000l\000i\000s\000t\000i\000c\000\040\000A\000p\000p\000r\000o\000a\000c\000h\000\040\000\050\000D\000e\000e\000p\000\040\000B\000S\000D\000E\000\051}{appendix.I}% 20
\BOOKMARK [1][-]{appendix.J}{\376\377\000V\000e\000r\000i\000f\000i\000c\000a\000t\000i\000o\000n\000\040\000a\000n\000d\000\040\000D\000i\000a\000g\000n\000o\000s\000t\000i\000c\000s}{}% 21
\BOOKMARK [1][-]{appendix.K}{\376\377\000E\000c\000o\000n\000o\000m\000i\000c\000s\000:\000\040\000A\000g\000g\000r\000e\000g\000a\000t\000i\000o\000n\000,\000\040\000I\000r\000r\000e\000v\000e\000r\000s\000i\000b\000i\000l\000i\000t\000y\000,\000\040\000a\000n\000d\000\040\000A\000s\000s\000e\000t\000\040\000P\000r\000i\000c\000i\000n\000g}{}% 22
\BOOKMARK [1][-]{appendix.L}{\376\377\000A\000p\000p\000e\000n\000d\000i\000x\000\040\000B\000:\000\040\000R\000e\000s\000i\000d\000u\000a\000l\000-\000L\000o\000s\000s\000\040\000T\000e\000m\000p\000l\000a\000t\000e\000\040\000\050\000f\000o\000r\000\040\000i\000m\000p\000l\000e\000m\000e\000n\000t\000a\000t\000i\000o\000n\000\051}{}% 23
\BOOKMARK [1][-]{appendix.M}{\376\377\000A\000p\000p\000e\000n\000d\000i\000x\000\040\000C\000:\000\040\000C\000o\000m\000m\000o\000n\000-\000N\000o\000i\000s\000e\000\040\000M\000a\000s\000t\000e\000r\000\040\000E\000q\000u\000a\000t\000i\000o\000n\000\040\000\050\000R\000e\000f\000e\000r\000e\000n\000c\000e\000\040\000N\000o\000t\000e\000\051}{}% 24
\BOOKMARK [1][-]{appendix.N}{\376\377\000A\000p\000p\000e\000n\000d\000i\000x\000\040\000D\000:\000\040\000T\000i\000n\000y\000\040\000P\000s\000e\000u\000d\000o\000c\000o\000d\000e\000\040\000\050\000P\000l\000a\000i\000n\000\040\000l\000i\000s\000t\000i\000n\000g\000s\000\051}{}% 25
\BOOKMARK [1][-]{appendix.O}{\376\377\000A\000p\000p\000e\000n\000d\000i\000x\000\040\000E\000:\000\040\000S\000y\000m\000b\000o\000l\000i\000c\000\040\000V\000e\000r\000i\000f\000i\000c\000a\000t\000i\000o\000n\000\040\000\050\000S\000y\000m\000P\000y\000,\000\040\000s\000t\000a\000t\000i\000c\000\051}{}% 26
