This is pdfTeX, Version 3.141592653-2.6-1.40.27 (MiKTeX 25.4) (preloaded format=pdflatex 2025.8.22)  18 SEP 2025 09:44
entering extended mode
 \write18 enabled.
 file:line:error style messages enabled.
 %&-line parsing enabled.
**c:/Users/fababa/Dropbox/AssetPricing/DSGE_BSDE/DSGE_BSDE/Tex/BSDE_12.tex
(c:/Users/fababa/Dropbox/AssetPricing/DSGE_BSDE/DSGE_BSDE/Tex/BSDE_12.tex
LaTeX2e <2025-06-01> patch level 1
L3 programming layer <2025-07-20>
(C:\Users\fababa\AppData\Local\Programs\MiKTeX\tex/latex/base\article.cls
Document Class: article 2025/01/22 v1.4n Standard LaTeX document class
(C:\Users\fababa\AppData\Local\Programs\MiKTeX\tex/latex/base\size11.clo
File: size11.clo 2025/01/22 v1.4n Standard LaTeX file (size option)
)
\c@part=\count275
\c@section=\count276
\c@subsection=\count277
\c@subsubsection=\count278
\c@paragraph=\count279
\c@subparagraph=\count280
\c@figure=\count281
\c@table=\count282
\abovecaptionskip=\skip49
\belowcaptionskip=\skip50
\bibindent=\dimen148
) (C:\Users\fababa\AppData\Local\Programs\MiKTeX\tex/latex/geometry\geometry.sty
Package: geometry 2020/01/02 v5.9 Page Geometry
 (C:\Users\fababa\AppData\Local\Programs\MiKTeX\tex/latex/graphics\keyval.sty
Package: keyval 2022/05/29 v1.15 key=value parser (DPC)
\KV@toks@=\toks17
) (C:\Users\fababa\AppData\Local\Programs\MiKTeX\tex/generic/iftex\ifvtex.sty
Package: ifvtex 2019/10/25 v1.7 ifvtex legacy package. Use iftex instead.
 (C:\Users\fababa\AppData\Local\Programs\MiKTeX\tex/generic/iftex\iftex.sty
Package: iftex 2024/12/12 v1.0g TeX engine tests
))
\Gm@cnth=\count283
\Gm@cntv=\count284
\c@Gm@tempcnt=\count285
\Gm@bindingoffset=\dimen149
\Gm@wd@mp=\dimen150
\Gm@odd@mp=\dimen151
\Gm@even@mp=\dimen152
\Gm@layoutwidth=\dimen153
\Gm@layoutheight=\dimen154
\Gm@layouthoffset=\dimen155
\Gm@layoutvoffset=\dimen156
\Gm@dimlist=\toks18
 (C:\Users\fababa\AppData\Local\Programs\MiKTeX\tex/latex/geometry\geometry.cfg)) (C:\Users\fababa\AppData\Local\Programs\MiKTeX\tex/latex/base\fontenc.sty
Package: fontenc 2024/12/21 v2.1c Standard LaTeX package
) (C:\Users\fababa\AppData\Local\Programs\MiKTeX\tex/latex/base\inputenc.sty
Package: inputenc 2024/02/08 v1.3d Input encoding file
\inpenc@prehook=\toks19
\inpenc@posthook=\toks20
) (C:\Users\fababa\AppData\Local\Programs\MiKTeX\tex/latex/amsmath\amsmath.sty
Package: amsmath 2025/06/16 v2.17y AMS math features
\@mathmargin=\skip51

For additional information on amsmath, use the `?' option.
(C:\Users\fababa\AppData\Local\Programs\MiKTeX\tex/latex/amsmath\amstext.sty
Package: amstext 2024/11/17 v2.01 AMS text
 (C:\Users\fababa\AppData\Local\Programs\MiKTeX\tex/latex/amsmath\amsgen.sty
File: amsgen.sty 1999/11/30 v2.0 generic functions
\@emptytoks=\toks21
\ex@=\dimen157
)) (C:\Users\fababa\AppData\Local\Programs\MiKTeX\tex/latex/amsmath\amsbsy.sty
Package: amsbsy 1999/11/29 v1.2d Bold Symbols
\pmbraise@=\dimen158
) (C:\Users\fababa\AppData\Local\Programs\MiKTeX\tex/latex/amsmath\amsopn.sty
Package: amsopn 2022/04/08 v2.04 operator names
)
\inf@bad=\count286
LaTeX Info: Redefining \frac on input line 233.
\uproot@=\count287
\leftroot@=\count288
LaTeX Info: Redefining \overline on input line 398.
LaTeX Info: Redefining \colon on input line 409.
\classnum@=\count289
\DOTSCASE@=\count290
LaTeX Info: Redefining \ldots on input line 495.
LaTeX Info: Redefining \dots on input line 498.
LaTeX Info: Redefining \cdots on input line 619.
\Mathstrutbox@=\box53
\strutbox@=\box54
LaTeX Info: Redefining \big on input line 721.
LaTeX Info: Redefining \Big on input line 722.
LaTeX Info: Redefining \bigg on input line 723.
LaTeX Info: Redefining \Bigg on input line 724.
\big@size=\dimen159
LaTeX Font Info:    Redeclaring font encoding OML on input line 742.
LaTeX Font Info:    Redeclaring font encoding OMS on input line 743.
\macc@depth=\count291
LaTeX Info: Redefining \bmod on input line 904.
LaTeX Info: Redefining \pmod on input line 909.
LaTeX Info: Redefining \smash on input line 939.
LaTeX Info: Redefining \relbar on input line 969.
LaTeX Info: Redefining \Relbar on input line 970.
\c@MaxMatrixCols=\count292
\dotsspace@=\muskip17
\c@parentequation=\count293
\dspbrk@lvl=\count294
\tag@help=\toks22
\row@=\count295
\column@=\count296
\maxfields@=\count297
\andhelp@=\toks23
\eqnshift@=\dimen160
\alignsep@=\dimen161
\tagshift@=\dimen162
\tagwidth@=\dimen163
\totwidth@=\dimen164
\lineht@=\dimen165
\@envbody=\toks24
\multlinegap=\skip52
\multlinetaggap=\skip53
\mathdisplay@stack=\toks25
LaTeX Info: Redefining \[ on input line 2949.
LaTeX Info: Redefining \] on input line 2950.
) (C:\Users\fababa\AppData\Local\Programs\MiKTeX\tex/latex/amsfonts\amssymb.sty
Package: amssymb 2013/01/14 v3.01 AMS font symbols
 (C:\Users\fababa\AppData\Local\Programs\MiKTeX\tex/latex/amsfonts\amsfonts.sty
Package: amsfonts 2013/01/14 v3.01 Basic AMSFonts support
\symAMSa=\mathgroup4
\symAMSb=\mathgroup5
LaTeX Font Info:    Redeclaring math symbol \hbar on input line 98.
LaTeX Font Info:    Overwriting math alphabet `\mathfrak' in version `bold'
(Font)                  U/euf/m/n --> U/euf/b/n on input line 106.
)) (C:\Users\fababa\AppData\Local\Programs\MiKTeX\tex/latex/mathtools\mathtools.sty
Package: mathtools 2024/10/04 v1.31 mathematical typesetting tools
 (C:\Users\fababa\AppData\Local\Programs\MiKTeX\tex/latex/tools\calc.sty
Package: calc 2025/03/01 v4.3b Infix arithmetic (KKT,FJ)
\calc@Acount=\count298
\calc@Bcount=\count299
\calc@Adimen=\dimen166
\calc@Bdimen=\dimen167
\calc@Askip=\skip54
\calc@Bskip=\skip55
LaTeX Info: Redefining \setlength on input line 86.
LaTeX Info: Redefining \addtolength on input line 87.
\calc@Ccount=\count300
\calc@Cskip=\skip56
) (C:\Users\fababa\AppData\Local\Programs\MiKTeX\tex/latex/mathtools\mhsetup.sty
Package: mhsetup 2021/03/18 v1.4 programming setup (MH)
)
\g_MT_multlinerow_int=\count301
\l_MT_multwidth_dim=\dimen168
\origjot=\skip57
\l_MT_shortvdotswithinadjustabove_dim=\dimen169
\l_MT_shortvdotswithinadjustbelow_dim=\dimen170
\l_MT_above_intertext_sep=\dimen171
\l_MT_below_intertext_sep=\dimen172
\l_MT_above_shortintertext_sep=\dimen173
\l_MT_below_shortintertext_sep=\dimen174
\xmathstrut@box=\box55
\xmathstrut@dim=\dimen175
) (C:\Users\fababa\AppData\Local\Programs\MiKTeX\tex/latex/amscls\amsthm.sty
Package: amsthm 2020/05/29 v2.20.6
\thm@style=\toks26
\thm@bodyfont=\toks27
\thm@headfont=\toks28
\thm@notefont=\toks29
\thm@headpunct=\toks30
\thm@preskip=\skip58
\thm@postskip=\skip59
\thm@headsep=\skip60
\dth@everypar=\toks31
) (C:\Users\fababa\AppData\Local\Programs\MiKTeX\tex/latex/enumitem\enumitem.sty
Package: enumitem 2025/02/06 v3.11 Customized lists
\labelindent=\skip61
\enit@outerparindent=\dimen176
\enit@toks=\toks32
\enit@inbox=\box56
\enit@count@id=\count302
\enitdp@description=\count303
) (C:\Users\fababa\AppData\Local\Programs\MiKTeX\tex/latex/xcolor\xcolor.sty
Package: xcolor 2024/09/29 v3.02 LaTeX color extensions (UK)
 (C:\Users\fababa\AppData\Local\Programs\MiKTeX\tex/latex/graphics-cfg\color.cfg
File: color.cfg 2016/01/02 v1.6 sample color configuration
)
Package xcolor Info: Driver file: pdftex.def on input line 274.
 (C:\Users\fababa\AppData\Local\Programs\MiKTeX\tex/latex/graphics-def\pdftex.def
File: pdftex.def 2024/04/13 v1.2c Graphics/color driver for pdftex
) (C:\Users\fababa\AppData\Local\Programs\MiKTeX\tex/latex/graphics\mathcolor.ltx)
Package xcolor Info: Model `cmy' substituted by `cmy0' on input line 1349.
Package xcolor Info: Model `hsb' substituted by `rgb' on input line 1353.
Package xcolor Info: Model `RGB' extended on input line 1365.
Package xcolor Info: Model `HTML' substituted by `rgb' on input line 1367.
Package xcolor Info: Model `Hsb' substituted by `hsb' on input line 1368.
Package xcolor Info: Model `tHsb' substituted by `hsb' on input line 1369.
Package xcolor Info: Model `HSB' substituted by `hsb' on input line 1370.
Package xcolor Info: Model `Gray' substituted by `gray' on input line 1371.
Package xcolor Info: Model `wave' substituted by `hsb' on input line 1372.
) (C:\Users\fababa\AppData\Local\Programs\MiKTeX\tex/latex/l3packages/xparse\xparse.sty (C:\Users\fababa\AppData\Local\Programs\MiKTeX\tex/latex/l3kernel\expl3.sty
Package: expl3 2025-07-20 L3 programming layer (loader) 
 (C:\Users\fababa\AppData\Local\Programs\MiKTeX\tex/latex/l3backend\l3backend-pdftex.def
File: l3backend-pdftex.def 2025-06-09 L3 backend support: PDF output (pdfTeX)
\l__color_backend_stack_int=\count304
))
Package: xparse 2024-08-16 L3 Experimental document command parser
) (C:\Users\fababa\AppData\Local\Programs\MiKTeX\tex/latex/base\alltt.sty
Package: alltt 2024/07/07 v2.0g defines alltt environment
) (C:\Users\fababa\AppData\Local\Programs\MiKTeX\tex/latex/tcolorbox\tcolorbox.sty
Package: tcolorbox 2025/07/08 version 6.7.1 text color boxes
 (C:\Users\fababa\AppData\Local\Programs\MiKTeX\tex/latex/pgf/frontendlayer\tikz.sty (C:\Users\fababa\AppData\Local\Programs\MiKTeX\tex/latex/pgf/basiclayer\pgf.sty (C:\Users\fababa\AppData\Local\Programs\MiKTeX\tex/latex/pgf/utilities\pgfrcs.sty (C:\Users\fababa\AppData\Local\Programs\MiKTeX\tex/generic/pgf/utilities\pgfutil-common.tex
\pgfutil@everybye=\toks33
\pgfutil@tempdima=\dimen177
\pgfutil@tempdimb=\dimen178
) (C:\Users\fababa\AppData\Local\Programs\MiKTeX\tex/generic/pgf/utilities\pgfutil-latex.def
\pgfutil@abb=\box57
) (C:\Users\fababa\AppData\Local\Programs\MiKTeX\tex/generic/pgf/utilities\pgfrcs.code.tex (C:\Users\fababa\AppData\Local\Programs\MiKTeX\tex/generic/pgf\pgf.revision.tex)
Package: pgfrcs 2023-01-15 v3.1.10 (3.1.10)
))
Package: pgf 2023-01-15 v3.1.10 (3.1.10)
 (C:\Users\fababa\AppData\Local\Programs\MiKTeX\tex/latex/pgf/basiclayer\pgfcore.sty (C:\Users\fababa\AppData\Local\Programs\MiKTeX\tex/latex/graphics\graphicx.sty
Package: graphicx 2024/12/31 v1.2e Enhanced LaTeX Graphics (DPC,SPQR)
 (C:\Users\fababa\AppData\Local\Programs\MiKTeX\tex/latex/graphics\graphics.sty
Package: graphics 2024/08/06 v1.4g Standard LaTeX Graphics (DPC,SPQR)
 (C:\Users\fababa\AppData\Local\Programs\MiKTeX\tex/latex/graphics\trig.sty
Package: trig 2023/12/02 v1.11 sin cos tan (DPC)
) (C:\Users\fababa\AppData\Local\Programs\MiKTeX\tex/latex/graphics-cfg\graphics.cfg
File: graphics.cfg 2016/06/04 v1.11 sample graphics configuration
)
Package graphics Info: Driver file: pdftex.def on input line 106.
)
\Gin@req@height=\dimen179
\Gin@req@width=\dimen180
) (C:\Users\fababa\AppData\Local\Programs\MiKTeX\tex/latex/pgf/systemlayer\pgfsys.sty (C:\Users\fababa\AppData\Local\Programs\MiKTeX\tex/generic/pgf/systemlayer\pgfsys.code.tex
Package: pgfsys 2023-01-15 v3.1.10 (3.1.10)
 (C:\Users\fababa\AppData\Local\Programs\MiKTeX\tex/generic/pgf/utilities\pgfkeys.code.tex
\pgfkeys@pathtoks=\toks34
\pgfkeys@temptoks=\toks35
 (C:\Users\fababa\AppData\Local\Programs\MiKTeX\tex/generic/pgf/utilities\pgfkeyslibraryfiltered.code.tex
\pgfkeys@tmptoks=\toks36
))
\pgf@x=\dimen181
\pgf@y=\dimen182
\pgf@xa=\dimen183
\pgf@ya=\dimen184
\pgf@xb=\dimen185
\pgf@yb=\dimen186
\pgf@xc=\dimen187
\pgf@yc=\dimen188
\pgf@xd=\dimen189
\pgf@yd=\dimen190
\w@pgf@writea=\write3
\r@pgf@reada=\read2
\c@pgf@counta=\count305
\c@pgf@countb=\count306
\c@pgf@countc=\count307
\c@pgf@countd=\count308
\t@pgf@toka=\toks37
\t@pgf@tokb=\toks38
\t@pgf@tokc=\toks39
\pgf@sys@id@count=\count309
 (C:\Users\fababa\AppData\Local\Programs\MiKTeX\tex/generic/pgf/systemlayer\pgf.cfg
File: pgf.cfg 2023-01-15 v3.1.10 (3.1.10)
)
Driver file for pgf: pgfsys-pdftex.def
 (C:\Users\fababa\AppData\Local\Programs\MiKTeX\tex/generic/pgf/systemlayer\pgfsys-pdftex.def
File: pgfsys-pdftex.def 2023-01-15 v3.1.10 (3.1.10)
 (C:\Users\fababa\AppData\Local\Programs\MiKTeX\tex/generic/pgf/systemlayer\pgfsys-common-pdf.def
File: pgfsys-common-pdf.def 2023-01-15 v3.1.10 (3.1.10)
))) (C:\Users\fababa\AppData\Local\Programs\MiKTeX\tex/generic/pgf/systemlayer\pgfsyssoftpath.code.tex
File: pgfsyssoftpath.code.tex 2023-01-15 v3.1.10 (3.1.10)
\pgfsyssoftpath@smallbuffer@items=\count310
\pgfsyssoftpath@bigbuffer@items=\count311
) (C:\Users\fababa\AppData\Local\Programs\MiKTeX\tex/generic/pgf/systemlayer\pgfsysprotocol.code.tex
File: pgfsysprotocol.code.tex 2023-01-15 v3.1.10 (3.1.10)
)) (C:\Users\fababa\AppData\Local\Programs\MiKTeX\tex/generic/pgf/basiclayer\pgfcore.code.tex
Package: pgfcore 2023-01-15 v3.1.10 (3.1.10)
 (C:\Users\fababa\AppData\Local\Programs\MiKTeX\tex/generic/pgf/math\pgfmath.code.tex (C:\Users\fababa\AppData\Local\Programs\MiKTeX\tex/generic/pgf/math\pgfmathutil.code.tex) (C:\Users\fababa\AppData\Local\Programs\MiKTeX\tex/generic/pgf/math\pgfmathparser.code.tex
\pgfmath@dimen=\dimen191
\pgfmath@count=\count312
\pgfmath@box=\box58
\pgfmath@toks=\toks40
\pgfmath@stack@operand=\toks41
\pgfmath@stack@operation=\toks42
) (C:\Users\fababa\AppData\Local\Programs\MiKTeX\tex/generic/pgf/math\pgfmathfunctions.code.tex) (C:\Users\fababa\AppData\Local\Programs\MiKTeX\tex/generic/pgf/math\pgfmathfunctions.basic.code.tex) (C:\Users\fababa\AppData\Local\Programs\MiKTeX\tex/generic/pgf/math\pgfmathfunctions.trigonometric.code.tex) (C:\Users\fababa\AppData\Local\Programs\MiKTeX\tex/generic/pgf/math\pgfmathfunctions.random.code.tex) (C:\Users\fababa\AppData\Local\Programs\MiKTeX\tex/generic/pgf/math\pgfmathfunctions.comparison.code.tex) (C:\Users\fababa\AppData\Local\Programs\MiKTeX\tex/generic/pgf/math\pgfmathfunctions.base.code.tex) (C:\Users\fababa\AppData\Local\Programs\MiKTeX\tex/generic/pgf/math\pgfmathfunctions.round.code.tex) (C:\Users\fababa\AppData\Local\Programs\MiKTeX\tex/generic/pgf/math\pgfmathfunctions.misc.code.tex) (C:\Users\fababa\AppData\Local\Programs\MiKTeX\tex/generic/pgf/math\pgfmathfunctions.integerarithmetics.code.tex) (C:\Users\fababa\AppData\Local\Programs\MiKTeX\tex/generic/pgf/math\pgfmathcalc.code.tex) (C:\Users\fababa\AppData\Local\Programs\MiKTeX\tex/generic/pgf/math\pgfmathfloat.code.tex
\c@pgfmathroundto@lastzeros=\count313
)) (C:\Users\fababa\AppData\Local\Programs\MiKTeX\tex/generic/pgf/math\pgfint.code.tex) (C:\Users\fababa\AppData\Local\Programs\MiKTeX\tex/generic/pgf/basiclayer\pgfcorepoints.code.tex
File: pgfcorepoints.code.tex 2023-01-15 v3.1.10 (3.1.10)
\pgf@picminx=\dimen192
\pgf@picmaxx=\dimen193
\pgf@picminy=\dimen194
\pgf@picmaxy=\dimen195
\pgf@pathminx=\dimen196
\pgf@pathmaxx=\dimen197
\pgf@pathminy=\dimen198
\pgf@pathmaxy=\dimen199
\pgf@xx=\dimen256
\pgf@xy=\dimen257
\pgf@yx=\dimen258
\pgf@yy=\dimen259
\pgf@zx=\dimen260
\pgf@zy=\dimen261
) (C:\Users\fababa\AppData\Local\Programs\MiKTeX\tex/generic/pgf/basiclayer\pgfcorepathconstruct.code.tex
File: pgfcorepathconstruct.code.tex 2023-01-15 v3.1.10 (3.1.10)
\pgf@path@lastx=\dimen262
\pgf@path@lasty=\dimen263
) (C:\Users\fababa\AppData\Local\Programs\MiKTeX\tex/generic/pgf/basiclayer\pgfcorepathusage.code.tex
File: pgfcorepathusage.code.tex 2023-01-15 v3.1.10 (3.1.10)
\pgf@shorten@end@additional=\dimen264
\pgf@shorten@start@additional=\dimen265
) (C:\Users\fababa\AppData\Local\Programs\MiKTeX\tex/generic/pgf/basiclayer\pgfcorescopes.code.tex
File: pgfcorescopes.code.tex 2023-01-15 v3.1.10 (3.1.10)
\pgfpic=\box59
\pgf@hbox=\box60
\pgf@layerbox@main=\box61
\pgf@picture@serial@count=\count314
) (C:\Users\fababa\AppData\Local\Programs\MiKTeX\tex/generic/pgf/basiclayer\pgfcoregraphicstate.code.tex
File: pgfcoregraphicstate.code.tex 2023-01-15 v3.1.10 (3.1.10)
\pgflinewidth=\dimen266
) (C:\Users\fababa\AppData\Local\Programs\MiKTeX\tex/generic/pgf/basiclayer\pgfcoretransformations.code.tex
File: pgfcoretransformations.code.tex 2023-01-15 v3.1.10 (3.1.10)
\pgf@pt@x=\dimen267
\pgf@pt@y=\dimen268
\pgf@pt@temp=\dimen269
) (C:\Users\fababa\AppData\Local\Programs\MiKTeX\tex/generic/pgf/basiclayer\pgfcorequick.code.tex
File: pgfcorequick.code.tex 2023-01-15 v3.1.10 (3.1.10)
) (C:\Users\fababa\AppData\Local\Programs\MiKTeX\tex/generic/pgf/basiclayer\pgfcoreobjects.code.tex
File: pgfcoreobjects.code.tex 2023-01-15 v3.1.10 (3.1.10)
) (C:\Users\fababa\AppData\Local\Programs\MiKTeX\tex/generic/pgf/basiclayer\pgfcorepathprocessing.code.tex
File: pgfcorepathprocessing.code.tex 2023-01-15 v3.1.10 (3.1.10)
) (C:\Users\fababa\AppData\Local\Programs\MiKTeX\tex/generic/pgf/basiclayer\pgfcorearrows.code.tex
File: pgfcorearrows.code.tex 2023-01-15 v3.1.10 (3.1.10)
\pgfarrowsep=\dimen270
) (C:\Users\fababa\AppData\Local\Programs\MiKTeX\tex/generic/pgf/basiclayer\pgfcoreshade.code.tex
File: pgfcoreshade.code.tex 2023-01-15 v3.1.10 (3.1.10)
\pgf@max=\dimen271
\pgf@sys@shading@range@num=\count315
\pgf@shadingcount=\count316
) (C:\Users\fababa\AppData\Local\Programs\MiKTeX\tex/generic/pgf/basiclayer\pgfcoreimage.code.tex
File: pgfcoreimage.code.tex 2023-01-15 v3.1.10 (3.1.10)
) (C:\Users\fababa\AppData\Local\Programs\MiKTeX\tex/generic/pgf/basiclayer\pgfcoreexternal.code.tex
File: pgfcoreexternal.code.tex 2023-01-15 v3.1.10 (3.1.10)
\pgfexternal@startupbox=\box62
) (C:\Users\fababa\AppData\Local\Programs\MiKTeX\tex/generic/pgf/basiclayer\pgfcorelayers.code.tex
File: pgfcorelayers.code.tex 2023-01-15 v3.1.10 (3.1.10)
) (C:\Users\fababa\AppData\Local\Programs\MiKTeX\tex/generic/pgf/basiclayer\pgfcoretransparency.code.tex
File: pgfcoretransparency.code.tex 2023-01-15 v3.1.10 (3.1.10)
) (C:\Users\fababa\AppData\Local\Programs\MiKTeX\tex/generic/pgf/basiclayer\pgfcorepatterns.code.tex
File: pgfcorepatterns.code.tex 2023-01-15 v3.1.10 (3.1.10)
) (C:\Users\fababa\AppData\Local\Programs\MiKTeX\tex/generic/pgf/basiclayer\pgfcorerdf.code.tex
File: pgfcorerdf.code.tex 2023-01-15 v3.1.10 (3.1.10)
))) (C:\Users\fababa\AppData\Local\Programs\MiKTeX\tex/generic/pgf/modules\pgfmoduleshapes.code.tex
File: pgfmoduleshapes.code.tex 2023-01-15 v3.1.10 (3.1.10)
\pgfnodeparttextbox=\box63
) (C:\Users\fababa\AppData\Local\Programs\MiKTeX\tex/generic/pgf/modules\pgfmoduleplot.code.tex
File: pgfmoduleplot.code.tex 2023-01-15 v3.1.10 (3.1.10)
) (C:\Users\fababa\AppData\Local\Programs\MiKTeX\tex/latex/pgf/compatibility\pgfcomp-version-0-65.sty
Package: pgfcomp-version-0-65 2023-01-15 v3.1.10 (3.1.10)
\pgf@nodesepstart=\dimen272
\pgf@nodesepend=\dimen273
) (C:\Users\fababa\AppData\Local\Programs\MiKTeX\tex/latex/pgf/compatibility\pgfcomp-version-1-18.sty
Package: pgfcomp-version-1-18 2023-01-15 v3.1.10 (3.1.10)
)) (C:\Users\fababa\AppData\Local\Programs\MiKTeX\tex/latex/pgf/utilities\pgffor.sty (C:\Users\fababa\AppData\Local\Programs\MiKTeX\tex/latex/pgf/utilities\pgfkeys.sty (C:\Users\fababa\AppData\Local\Programs\MiKTeX\tex/generic/pgf/utilities\pgfkeys.code.tex)) (C:\Users\fababa\AppData\Local\Programs\MiKTeX\tex/latex/pgf/math\pgfmath.sty (C:\Users\fababa\AppData\Local\Programs\MiKTeX\tex/generic/pgf/math\pgfmath.code.tex)) (C:\Users\fababa\AppData\Local\Programs\MiKTeX\tex/generic/pgf/utilities\pgffor.code.tex
Package: pgffor 2023-01-15 v3.1.10 (3.1.10)
\pgffor@iter=\dimen274
\pgffor@skip=\dimen275
\pgffor@stack=\toks43
\pgffor@toks=\toks44
)) (C:\Users\fababa\AppData\Local\Programs\MiKTeX\tex/generic/pgf/frontendlayer/tikz\tikz.code.tex
Package: tikz 2023-01-15 v3.1.10 (3.1.10)
 (C:\Users\fababa\AppData\Local\Programs\MiKTeX\tex/generic/pgf/libraries\pgflibraryplothandlers.code.tex
File: pgflibraryplothandlers.code.tex 2023-01-15 v3.1.10 (3.1.10)
\pgf@plot@mark@count=\count317
\pgfplotmarksize=\dimen276
)
\tikz@lastx=\dimen277
\tikz@lasty=\dimen278
\tikz@lastxsaved=\dimen279
\tikz@lastysaved=\dimen280
\tikz@lastmovetox=\dimen281
\tikz@lastmovetoy=\dimen282
\tikzleveldistance=\dimen283
\tikzsiblingdistance=\dimen284
\tikz@figbox=\box64
\tikz@figbox@bg=\box65
\tikz@tempbox=\box66
\tikz@tempbox@bg=\box67
\tikztreelevel=\count318
\tikznumberofchildren=\count319
\tikznumberofcurrentchild=\count320
\tikz@fig@count=\count321
 (C:\Users\fababa\AppData\Local\Programs\MiKTeX\tex/generic/pgf/modules\pgfmodulematrix.code.tex
File: pgfmodulematrix.code.tex 2023-01-15 v3.1.10 (3.1.10)
\pgfmatrixcurrentrow=\count322
\pgfmatrixcurrentcolumn=\count323
\pgf@matrix@numberofcolumns=\count324
)
\tikz@expandcount=\count325
 (C:\Users\fababa\AppData\Local\Programs\MiKTeX\tex/generic/pgf/frontendlayer/tikz/libraries\tikzlibrarytopaths.code.tex
File: tikzlibrarytopaths.code.tex 2023-01-15 v3.1.10 (3.1.10)
))) (C:\Users\fababa\AppData\Local\Programs\MiKTeX\tex/latex/tools\verbatim.sty
Package: verbatim 2024-01-22 v1.5x LaTeX2e package for verbatim enhancements
\every@verbatim=\toks45
\verbatim@line=\toks46
\verbatim@in@stream=\read3
) (C:\Users\fababa\AppData\Local\Programs\MiKTeX\tex/latex/environ\environ.sty
Package: environ 2014/05/04 v0.3 A new way to define environments
 (C:\Users\fababa\AppData\Local\Programs\MiKTeX\tex/latex/trimspaces\trimspaces.sty
Package: trimspaces 2009/09/17 v1.1 Trim spaces around a token list
)) (C:\Users\fababa\AppData\Local\Programs\MiKTeX\tex/latex/etoolbox\etoolbox.sty
Package: etoolbox 2025/02/11 v2.5l e-TeX tools for LaTeX (JAW)
\etb@tempcnta=\count326
)
\tcb@titlebox=\box68
\tcb@upperbox=\box69
\tcb@lowerbox=\box70
\tcb@phantombox=\box71
\c@tcbbreakpart=\count327
\c@tcblayer=\count328
\c@tcolorbox@number=\count329
\l__tcobox_tmpa_box=\box72
\l__tcobox_tmpa_dim=\dimen285
\tcb@temp=\box73
\tcb@temp=\box74
\tcb@temp=\box75
\tcb@temp=\box76
) (C:\Users\fababa\AppData\Local\Programs\MiKTeX\tex/generic/pgf/frontendlayer/tikz/libraries\tikzlibrarypositioning.code.tex
File: tikzlibrarypositioning.code.tex 2023-01-15 v3.1.10 (3.1.10)
) (C:\Users\fababa\AppData\Local\Programs\MiKTeX\tex/latex/hyperref\hyperref.sty
Package: hyperref 2025-07-12 v7.01o Hypertext links for LaTeX
 (C:\Users\fababa\AppData\Local\Programs\MiKTeX\tex/latex/kvsetkeys\kvsetkeys.sty
Package: kvsetkeys 2022-10-05 v1.19 Key value parser (HO)
) (C:\Users\fababa\AppData\Local\Programs\MiKTeX\tex/generic/kvdefinekeys\kvdefinekeys.sty
Package: kvdefinekeys 2019-12-19 v1.6 Define keys (HO)
) (C:\Users\fababa\AppData\Local\Programs\MiKTeX\tex/generic/pdfescape\pdfescape.sty
Package: pdfescape 2019/12/09 v1.15 Implements pdfTeX's escape features (HO)
 (C:\Users\fababa\AppData\Local\Programs\MiKTeX\tex/generic/ltxcmds\ltxcmds.sty
Package: ltxcmds 2023-12-04 v1.26 LaTeX kernel commands for general use (HO)
) (C:\Users\fababa\AppData\Local\Programs\MiKTeX\tex/generic/pdftexcmds\pdftexcmds.sty
Package: pdftexcmds 2020-06-27 v0.33 Utility functions of pdfTeX for LuaTeX (HO)
 (C:\Users\fababa\AppData\Local\Programs\MiKTeX\tex/generic/infwarerr\infwarerr.sty
Package: infwarerr 2019/12/03 v1.5 Providing info/warning/error messages (HO)
)
Package pdftexcmds Info: \pdf@primitive is available.
Package pdftexcmds Info: \pdf@ifprimitive is available.
Package pdftexcmds Info: \pdfdraftmode found.
)) (C:\Users\fababa\AppData\Local\Programs\MiKTeX\tex/latex/hycolor\hycolor.sty
Package: hycolor 2020-01-27 v1.10 Color options for hyperref/bookmark (HO)
) (C:\Users\fababa\AppData\Local\Programs\MiKTeX\tex/latex/hyperref\nameref.sty
Package: nameref 2025-06-21 v2.57 Cross-referencing by name of section
 (C:\Users\fababa\AppData\Local\Programs\MiKTeX\tex/latex/refcount\refcount.sty
Package: refcount 2019/12/15 v3.6 Data extraction from label references (HO)
) (C:\Users\fababa\AppData\Local\Programs\MiKTeX\tex/generic/gettitlestring\gettitlestring.sty
Package: gettitlestring 2019/12/15 v1.6 Cleanup title references (HO)
 (C:\Users\fababa\AppData\Local\Programs\MiKTeX\tex/latex/kvoptions\kvoptions.sty
Package: kvoptions 2022-06-15 v3.15 Key value format for package options (HO)
))
\c@section@level=\count330
) (C:\Users\fababa\AppData\Local\Programs\MiKTeX\tex/generic/stringenc\stringenc.sty
Package: stringenc 2019/11/29 v1.12 Convert strings between diff. encodings (HO)
)
\@linkdim=\dimen286
\Hy@linkcounter=\count331
\Hy@pagecounter=\count332
 (C:\Users\fababa\AppData\Local\Programs\MiKTeX\tex/latex/hyperref\pd1enc.def
File: pd1enc.def 2025-07-12 v7.01o Hyperref: PDFDocEncoding definition (HO)
Now handling font encoding PD1 ...
... no UTF-8 mapping file for font encoding PD1
) (C:\Users\fababa\AppData\Local\Programs\MiKTeX\tex/generic/intcalc\intcalc.sty
Package: intcalc 2019/12/15 v1.3 Expandable calculations with integers (HO)
)
\Hy@SavedSpaceFactor=\count333
 (C:\Users\fababa\AppData\Local\Programs\MiKTeX\tex/latex/hyperref\puenc.def
File: puenc.def 2025-07-12 v7.01o Hyperref: PDF Unicode definition (HO)
Now handling font encoding PU ...
... no UTF-8 mapping file for font encoding PU
)
Package hyperref Info: Hyper figures OFF on input line 4195.
Package hyperref Info: Link nesting OFF on input line 4200.
Package hyperref Info: Hyper index ON on input line 4203.
Package hyperref Info: Plain pages OFF on input line 4210.
Package hyperref Info: Backreferencing OFF on input line 4215.
Package hyperref Info: Implicit mode ON; LaTeX internals redefined.
Package hyperref Info: Bookmarks ON on input line 4462.
\c@Hy@tempcnt=\count334
 (C:\Users\fababa\AppData\Local\Programs\MiKTeX\tex/latex/url\url.sty
\Urlmuskip=\muskip18
Package: url 2013/09/16  ver 3.4  Verb mode for urls, etc.
)
LaTeX Info: Redefining \url on input line 4801.
\XeTeXLinkMargin=\dimen287
 (C:\Users\fababa\AppData\Local\Programs\MiKTeX\tex/generic/bitset\bitset.sty
Package: bitset 2019/12/09 v1.3 Handle bit-vector datatype (HO)

(C:\Users\fababa\AppData\Local\Programs\MiKTeX\tex/generic/bigintcalc\bigintcalc.sty
Package: bigintcalc 2019/12/15 v1.5 Expandable calculations on big integers (HO)
))
\Fld@menulength=\count335
\Field@Width=\dimen288
\Fld@charsize=\dimen289
Package hyperref Info: Hyper figures OFF on input line 6078.
Package hyperref Info: Link nesting OFF on input line 6083.
Package hyperref Info: Hyper index ON on input line 6086.
Package hyperref Info: backreferencing OFF on input line 6093.
Package hyperref Info: Link coloring OFF on input line 6098.
Package hyperref Info: Link coloring with OCG OFF on input line 6103.
Package hyperref Info: PDF/A mode OFF on input line 6108.
\Hy@abspage=\count336
\c@Item=\count337
\c@Hfootnote=\count338
)
Package hyperref Info: Driver (autodetected): hpdftex.
 (C:\Users\fababa\AppData\Local\Programs\MiKTeX\tex/latex/hyperref\hpdftex.def
File: hpdftex.def 2025-07-12 v7.01o Hyperref driver for pdfTeX
\Fld@listcount=\count339
\c@bookmark@seq@number=\count340
 (C:\Users\fababa\AppData\Local\Programs\MiKTeX\tex/latex/rerunfilecheck\rerunfilecheck.sty
Package: rerunfilecheck 2025-06-21 v1.11 Rerun checks for auxiliary files (HO)
 (C:\Users\fababa\AppData\Local\Programs\MiKTeX\tex/generic/uniquecounter\uniquecounter.sty
Package: uniquecounter 2019/12/15 v1.4 Provide unlimited unique counter (HO)
)
Package uniquecounter Info: New unique counter `rerunfilecheck' on input line 284.
)
\Hy@SectionHShift=\skip62
) (C:\Users\fababa\AppData\Local\Programs\MiKTeX\tex/latex/cleveref\cleveref.sty
Package: cleveref 2018/03/27 v0.21.4 Intelligent cross-referencing
Package cleveref Info: `hyperref' support loaded on input line 2370.
LaTeX Info: Redefining \cref on input line 2370.
LaTeX Info: Redefining \Cref on input line 2370.
LaTeX Info: Redefining \crefrange on input line 2370.
LaTeX Info: Redefining \Crefrange on input line 2370.
LaTeX Info: Redefining \cpageref on input line 2370.
LaTeX Info: Redefining \Cpageref on input line 2370.
LaTeX Info: Redefining \cpagerefrange on input line 2370.
LaTeX Info: Redefining \Cpagerefrange on input line 2370.
LaTeX Info: Redefining \labelcref on input line 2370.
LaTeX Info: Redefining \labelcpageref on input line 2370.
Package cleveref Info: `amsthm' support loaded on input line 3026.
Package cleveref Info: always capitalise cross-reference names on input line 7830.
Package cleveref Info: include cross-reference names in hyperlinks on input line 7836.
Package cleveref Info: include cross-reference names in hyperlinks on input line 7852.
Package cleveref Info: always capitalise cross-reference names on input line 7852.
)
==> First Aid for cleveref.sty applied!

c:/Users/fababa/Dropbox/AssetPricing/DSGE_BSDE/DSGE_BSDE/Tex/BSDE_12.tex:38: LaTeX Error: Missing \begin{document}.

See the LaTeX manual or LaTeX Companion for explanation.
Type  H <return>  for immediate help.
 ...                                              
                                                  
l.38   	c
         bset{
You're in trouble here.  Try typing  <return>  to proceed.
If that doesn't work, type  X <return>  to quit.


Overfull \hbox (148.12894pt too wide) in paragraph at lines 38--45
[]\T1/cmr/m/n/10.95 cbset sympy-check-style/.style=colback=gray!5,colframe=black!60,leftrule=2pt,arc=1mm,boxrule=0.5pt,
 []


Overfull \hbox (91.69173pt too wide) in paragraph at lines 38--45
\T1/cmr/m/n/10.95 lean-proof-style/.style=colback=blue!4,colframe=black!60,leftrule=2pt,arc=1mm,boxrule=0.5pt,
 []


Overfull \hbox (90.48279pt too wide) in paragraph at lines 38--45
\T1/cmr/m/n/10.95 di-dac-tic-style/.style=colback=green!4,colframe=black!60,leftrule=2pt,arc=1mm,boxrule=0.5pt,
 []


Overfull \hbox (72.93448pt too wide) in paragraph at lines 38--45
\T1/cmr/m/n/10.95 math-style/.style=colback=gray!6,colframe=black!60,leftrule=2pt,arc=1mm,boxrule=0.5pt,
 []


Overfull \hbox (94.71783pt too wide) in paragraph at lines 38--45
\T1/cmr/m/n/10.95 lit-er-a-turestyle/.style=colback=gray!10,colframe=black!60,leftrule=2pt,arc=1mm,boxrule=0.5pt
 []


Underfull \hbox (badness 10000) in paragraph at lines 38--45

 []


c:/Users/fababa/Dropbox/AssetPricing/DSGE_BSDE/DSGE_BSDE/Tex/BSDE_12.tex:51: LaTeX Error: Missing \begin{document}.

See the LaTeX manual or LaTeX Companion for explanation.
Type  H <return>  for immediate help.
 ...                                              
                                                  
l.51   h
        eoremstyle{plain}
You're in trouble here.  Try typing  <return>  to proceed.
If that doesn't work, type  X <return>  to quit.

\c@theoremT=\count341
\c@lemmaT=\count342
\c@propositionT=\count343
\c@assumptionT=\count344
\c@definitionT=\count345
(c:\Users\fababa\Dropbox\AssetPricing\DSGE_BSDE\DSGE_BSDE\Tex\.out\BSDE_12.aux)
\openout1 = `BSDE_12.aux'.

LaTeX Font Info:    Checking defaults for OML/cmm/m/it on input line 80.
LaTeX Font Info:    ... okay on input line 80.
LaTeX Font Info:    Checking defaults for OMS/cmsy/m/n on input line 80.
LaTeX Font Info:    ... okay on input line 80.
LaTeX Font Info:    Checking defaults for OT1/cmr/m/n on input line 80.
LaTeX Font Info:    ... okay on input line 80.
LaTeX Font Info:    Checking defaults for T1/cmr/m/n on input line 80.
LaTeX Font Info:    ... okay on input line 80.
LaTeX Font Info:    Checking defaults for TS1/cmr/m/n on input line 80.
LaTeX Font Info:    ... okay on input line 80.
LaTeX Font Info:    Checking defaults for OMX/cmex/m/n on input line 80.
LaTeX Font Info:    ... okay on input line 80.
LaTeX Font Info:    Checking defaults for U/cmr/m/n on input line 80.
LaTeX Font Info:    ... okay on input line 80.
LaTeX Font Info:    Checking defaults for PD1/pdf/m/n on input line 80.
LaTeX Font Info:    ... okay on input line 80.
LaTeX Font Info:    Checking defaults for PU/pdf/m/n on input line 80.
LaTeX Font Info:    ... okay on input line 80.

*geometry* driver: auto-detecting
*geometry* detected driver: pdftex
*geometry* verbose mode - [ preamble ] result:
* driver: pdftex
* paper: letterpaper
* layout: <same size as paper>
* layoutoffset:(h,v)=(0.0pt,0.0pt)
* modes: 
* h-part:(L,W,R)=(72.26999pt, 469.75502pt, 72.26999pt)
* v-part:(T,H,B)=(72.26999pt, 650.43001pt, 72.26999pt)
* \paperwidth=614.295pt
* \paperheight=794.96999pt
* \textwidth=469.75502pt
* \textheight=650.43001pt
* \oddsidemargin=0.0pt
* \evensidemargin=0.0pt
* \topmargin=-37.0pt
* \headheight=12.0pt
* \headsep=25.0pt
* \topskip=11.0pt
* \footskip=30.0pt
* \marginparwidth=59.0pt
* \marginparsep=10.0pt
* \columnsep=10.0pt
* \skip\footins=10.0pt plus 4.0pt minus 2.0pt
* \hoffset=0.0pt
* \voffset=0.0pt
* \mag=1000
* \@twocolumnfalse
* \@twosidefalse
* \@mparswitchfalse
* \@reversemarginfalse
* (1in=72.27pt=25.4mm, 1cm=28.453pt)

(C:\Users\fababa\AppData\Local\Programs\MiKTeX\tex/context/base/mkii\supp-pdf.mkii
[Loading MPS to PDF converter (version 2006.09.02).]
\scratchcounter=\count346
\scratchdimen=\dimen290
\scratchbox=\box77
\nofMPsegments=\count347
\nofMParguments=\count348
\everyMPshowfont=\toks47
\MPscratchCnt=\count349
\MPscratchDim=\dimen291
\MPnumerator=\count350
\makeMPintoPDFobject=\count351
\everyMPtoPDFconversion=\toks48
) (C:\Users\fababa\AppData\Local\Programs\MiKTeX\tex/latex/epstopdf-pkg\epstopdf-base.sty
Package: epstopdf-base 2020-01-24 v2.11 Base part for package epstopdf
 (C:\Users\fababa\AppData\Local\Programs\MiKTeX\tex/latex/grfext\grfext.sty
Package: grfext 2019/12/03 v1.3 Manage graphics extensions (HO)
)
Package epstopdf-base Info: Redefining graphics rule for `.eps' on input line 485.
Package grfext Info: Graphics extension search list:
(grfext)             [.pdf,.png,.jpg,.mps,.jpeg,.jbig2,.jb2,.PDF,.PNG,.JPG,.JPEG,.JBIG2,.JB2,.eps]
(grfext)             \AppendGraphicsExtensions on input line 504.
 (C:\Users\fababa\AppData\Local\Programs\MiKTeX\tex/latex/00miktex\epstopdf-sys.cfg
File: epstopdf-sys.cfg 2021/03/18 v2.0 Configuration of epstopdf for MiKTeX
))
Package hyperref Info: Link coloring OFF on input line 80.
\@outlinefile=\write4
\openout4 = `BSDE_12.out'.



LaTeX Warning: Reference `eq:HJB' on page 1 undefined on input line 88.

LaTeX Font Info:    Trying to load font information for U+msa on input line 88.
(C:\Users\fababa\AppData\Local\Programs\MiKTeX\tex/latex/amsfonts\umsa.fd
File: umsa.fd 2013/01/14 v3.01 AMS symbols A
)
LaTeX Font Info:    Trying to load font information for U+msb on input line 88.
 (C:\Users\fababa\AppData\Local\Programs\MiKTeX\tex/latex/amsfonts\umsb.fd
File: umsb.fd 2013/01/14 v3.01 AMS symbols B
)

LaTeX Warning: Reference `ass:primitives' on page 1 undefined on input line 92.


LaTeX Warning: Reference `ass:primitives' on page 1 undefined on input line 103.


LaTeX Warning: Reference `prop:policy' on page 1 undefined on input line 108.


c:/Users/fababa/Dropbox/AssetPricing/DSGE_BSDE/DSGE_BSDE/Tex/BSDE_12.tex:110: Package pgfkeys Error: I do not know the key '/tcb/sympycheckstyle' and I am going to ignore it. Perhaps you misspelled it.

See the pgfkeys package documentation for explanation.
Type  H <return>  for immediate help.
 ...                                              
                                                  
l.110 ...rification: FOCs for the optimal policy}]
                                                  
This error message was generated by an \errmessage
command, so I can't give any explicit help.
Pretend that you're Hercule Poirot: Examine all clues,
and deduce the truth by order and method.


c:/Users/fababa/Dropbox/AssetPricing/DSGE_BSDE/DSGE_BSDE/Tex/BSDE_12.tex:114: Package pgfkeys Error: I do not know the key '/tcb/leanproofstyle' and I am going to ignore it. Perhaps you misspelled it.

See the pgfkeys package documentation for explanation.
Type  H <return>  for immediate help.
 ...                                              
                                                  
l.114 ...ation: Optimization structure in Lean~4}]
                                                  
(That was another \errmessage.)


Overfull \hbox (110.4049pt too wide) in paragraph at lines 119--119
[]\T1/cmtt/m/n/10.95 variables k phi_plus phi_minus p : Real (hk : k > 0) (hp_p : phi_plus > 0) (hp_m : phi_minus > 0)[] 
 []


Overfull \hbox (14.2126pt too wide) in paragraph at lines 123--123
[]  \T1/cmtt/m/n/10.95 if i >= 0 then (phi_plus / 2) * (i ^ 2 / k) else (phi_minus / 2) * (i ^ 2 / k)[] 
 []


Overfull \hbox (19.87097pt too wide) in paragraph at lines 132--132
[]\T1/cmtt/m/n/10.95 -- TODO: Show that `optimal_policy` maximizes `objective` using convexity + FOCs.[] 
 []


LaTeX Warning: Reference `eq:ME' on page 1 undefined on input line 154.


Overfull \vbox (311.0341pt too high) has occurred while \output is active []



[1

{C:/Users/fababa/AppData/Local/MiKTeX/fonts/map/pdftex/pdftex.map}]

c:/Users/fababa/Dropbox/AssetPricing/DSGE_BSDE/DSGE_BSDE/Tex/BSDE_12.tex:172: Package pgfkeys Error: I do not know the key '/tcb/didacticstyle' and I am going to ignore it. Perhaps you misspelled it.

See the pgfkeys package documentation for explanation.
Type  H <return>  for immediate help.
 ...                                              
                                                  
l.172 ...ox}[didacticstyle,title={Sign intuition}]
                                                  
(That was another \errmessage.)


LaTeX Warning: Reference `eq:ME' on page 2 undefined on input line 176.


Overfull \hbox (11.27528pt too wide) in paragraph at lines 206--207
[]$\OML/cmm/m/it/10.95 h\OT1/cmr/m/n/10.95 (\OMS/cmsy/m/n/10.95 ^^A\OML/cmm/m/it/10.95 ; k\OT1/cmr/m/n/10.95 )$ \T1/cmr/m/it/10.95 con-vex, lower semi-con-tin-u-ous; $\OML/cmm/m/it/10.95 h\OT1/cmr/m/n/10.95 (\OML/cmm/m/it/10.95 i; k\OT1/cmr/m/n/10.95 ) \OMS/cmsy/m/n/10.95 ^^U
 []



[2]

LaTeX Warning: Reference `sec:pricing' on page 1 undefined on input line 212.


c:/Users/fababa/Dropbox/AssetPricing/DSGE_BSDE/DSGE_BSDE/Tex/BSDE_12.tex:216: Package pgfkeys Error: I do not know the key '/tcb/didacticstyle' and I am going to ignore it. Perhaps you misspelled it.

See the pgfkeys package documentation for explanation.
Type  H <return>  for immediate help.
 ...                                              
                                                  
l.216 \begin{tcolorbox}[didacticstyle]
                                      
(That was another \errmessage.)


c:/Users/fababa/Dropbox/AssetPricing/DSGE_BSDE/DSGE_BSDE/Tex/BSDE_12.tex:220: Package pgfkeys Error: I do not know the key '/tcb/literaturestyle' and I am going to ignore it. Perhaps you misspelled it.

See the pgfkeys package documentation for explanation.
Type  H <return>  for immediate help.
 ...                                              
                                                  
l.220 \begin{tcolorbox}[literaturestyle]
                                        
(That was another \errmessage.)


c:/Users/fababa/Dropbox/AssetPricing/DSGE_BSDE/DSGE_BSDE/Tex/BSDE_12.tex:242: Package pgfkeys Error: I do not know the key '/tcb/mathstyle' and I am going to ignore it. Perhaps you misspelled it.

See the pgfkeys package documentation for explanation.
Type  H <return>  for immediate help.
 ...                                              
                                                  
l.242 \begin{tcolorbox}[mathstyle]
                                  
(That was another \errmessage.)


LaTeX Warning: Reference `lem:chain' on page 3 undefined on input line 243.



[3]

LaTeX Warning: Reference `ass:primitives' on page 1 undefined on input line 256.


c:/Users/fababa/Dropbox/AssetPricing/DSGE_BSDE/DSGE_BSDE/Tex/BSDE_12.tex:292: Package pgfkeys Error: I do not know the key '/tcb/didacticstyle' and I am going to ignore it. Perhaps you misspelled it.

See the pgfkeys package documentation for explanation.
Type  H <return>  for immediate help.
 ...                                              
                                                  
l.292 \begin{tcolorbox}[didacticstyle]
                                      
(That was another \errmessage.)



[4]

LaTeX Warning: Reference `ass:primitives' on page 1 undefined on input line 329.


c:/Users/fababa/Dropbox/AssetPricing/DSGE_BSDE/DSGE_BSDE/Tex/BSDE_12.tex:340: Package pgfkeys Error: I do not know the key '/tcb/didacticstyle' and I am going to ignore it. Perhaps you misspelled it.

See the pgfkeys package documentation for explanation.
Type  H <return>  for immediate help.
 ...                                              
                                                  
l.340 \begin{tcolorbox}[didacticstyle]
                                      
(That was another \errmessage.)


c:/Users/fababa/Dropbox/AssetPricing/DSGE_BSDE/DSGE_BSDE/Tex/BSDE_12.tex:349: Package pgfkeys Error: I do not know the key '/tcb/mathstyle' and I am going to ignore it. Perhaps you misspelled it.

See the pgfkeys package documentation for explanation.
Type  H <return>  for immediate help.
 ...                                              
                                                  
l.349 \begin{tcolorbox}[mathstyle]
                                  
(That was another \errmessage.)



[5]

c:/Users/fababa/Dropbox/AssetPricing/DSGE_BSDE/DSGE_BSDE/Tex/BSDE_12.tex:374: Package pgfkeys Error: I do not know the key '/tcb/mathstyle' and I am going to ignore it. Perhaps you misspelled it.

See the pgfkeys package documentation for explanation.
Type  H <return>  for immediate help.
 ...                                              
                                                  
l.374 \begin{tcolorbox}[mathstyle]
                                  
(That was another \errmessage.)


pdfTeX warning (ext4): destination with the same identifier (name{equation.4}) has been already used, duplicate ignored
<to be read again> 
                   \relax 
l.389 \begin{equation}
                      \label{eq:isoelastic}
pdfTeX warning (ext4): destination with the same identifier (name{equation.4}) has been already used, duplicate ignored
<to be read again> 
                   \relax 
l.389 \begin{equation}
                      \label{eq:isoelastic}
pdfTeX warning (ext4): destination with the same identifier (name{equation.4}) has been already used, duplicate ignored
<to be read again> 
                   \relax 
l.389 \begin{equation}
                      \label{eq:isoelastic}
pdfTeX warning (ext4): destination with the same identifier (name{equation.4}) has been already used, duplicate ignored
<to be read again> 
                   \relax 
l.389 \begin{equation}
                      \label{eq:isoelastic}

c:/Users/fababa/Dropbox/AssetPricing/DSGE_BSDE/DSGE_BSDE/Tex/BSDE_12.tex:393: Package pgfkeys Error: I do not know the key '/tcb/didacticstyle' and I am going to ignore it. Perhaps you misspelled it.

See the pgfkeys package documentation for explanation.
Type  H <return>  for immediate help.
 ...                                              
                                                  
l.393 \begin{tcolorbox}[didacticstyle]
                                      
(That was another \errmessage.)



[6
pdfTeX warning (ext4): destination with the same identifier (name{equation.4}) has been already used, duplicate ignored
<argument> ...shipout:D \box_use:N \l_shipout_box 
                                                  \__shipout_drop_firstpage_...
l.414 \end{equation}
                    ]

c:/Users/fababa/Dropbox/AssetPricing/DSGE_BSDE/DSGE_BSDE/Tex/BSDE_12.tex:417: Package pgfkeys Error: I do not know the key '/tcb/didacticstyle' and I am going to ignore it. Perhaps you misspelled it.

See the pgfkeys package documentation for explanation.
Type  H <return>  for immediate help.
 ...                                              
                                                  
l.417 \begin{tcolorbox}[didacticstyle]
                                      
(That was another \errmessage.)


LaTeX Warning: Reference `eq:ME' on page 1 undefined on input line 418.


LaTeX Warning: Reference `lem:chain' on page 1 undefined on input line 448.


c:/Users/fababa/Dropbox/AssetPricing/DSGE_BSDE/DSGE_BSDE/Tex/BSDE_12.tex:451: Package pgfkeys Error: I do not know the key '/tcb/mathstyle' and I am going to ignore it. Perhaps you misspelled it.

See the pgfkeys package documentation for explanation.
Type  H <return>  for immediate help.
 ...                                              
                                                  
l.451 \begin{tcolorbox}[mathstyle]
                                  
(That was another \errmessage.)



[7]

c:/Users/fababa/Dropbox/AssetPricing/DSGE_BSDE/DSGE_BSDE/Tex/BSDE_12.tex:456: Package pgfkeys Error: I do not know the key '/tcb/sympycheckstyle' and I am going to ignore it. Perhaps you misspelled it.

See the pgfkeys package documentation for explanation.
Type  H <return>  for immediate help.
 ...                                              
                                                  
l.456 \begin{tcolorbox}[sympycheckstyle]
                                        
(That was another \errmessage.)


LaTeX Warning: Reference `prop:externality' on page 8 undefined on input line 457.


LaTeX Warning: Reference `ass:regularity' on page 1 undefined on input line 486.


LaTeX Warning: Reference `ass:primitives' on page 1 undefined on input line 486.


LaTeX Warning: Reference `eq:ME' on page 8 undefined on input line 486.


c:/Users/fababa/Dropbox/AssetPricing/DSGE_BSDE/DSGE_BSDE/Tex/BSDE_12.tex:489: Package pgfkeys Error: I do not know the key '/tcb/literaturestyle' and I am going to ignore it. Perhaps you misspelled it.

See the pgfkeys package documentation for explanation.
Type  H <return>  for immediate help.
 ...                                              
                                                  
l.489 \begin{tcolorbox}[literaturestyle]
                                        
(That was another \errmessage.)


LaTeX Warning: Reference `ass:regularity' on page 1 undefined on input line 519.



[8]

c:/Users/fababa/Dropbox/AssetPricing/DSGE_BSDE/DSGE_BSDE/Tex/BSDE_12.tex:528: Package pgfkeys Error: I do not know the key '/tcb/literaturestyle' and I am going to ignore it. Perhaps you misspelled it.

See the pgfkeys package documentation for explanation.
Type  H <return>  for immediate help.
 ...                                              
                                                  
l.528 \begin{tcolorbox}[literaturestyle]
                                        
(That was another \errmessage.)


LaTeX Warning: Citation `han_2018_deep_bsde' on page 9 undefined on input line 529.


LaTeX Warning: Citation `huang_2025_probabilistic' on page 9 undefined on input line 529.


LaTeX Warning: Reference `eq:HJB' on page 9 undefined on input line 536.


LaTeX Warning: Reference `eq:FP' on page 9 undefined on input line 538.


LaTeX Warning: Citation `chen_huang_2025_controls' on page 9 undefined on input line 538.


pdfTeX warning (ext4): destination with the same identifier (name{equation.5}) has been already used, duplicate ignored
<to be read again> 
                   \relax 
l.540 \begin{equation}
                      \label{eq:FVM}
pdfTeX warning (ext4): destination with the same identifier (name{equation.5}) has been already used, duplicate ignored
<to be read again> 
                   \relax 
l.540 \begin{equation}
                      \label{eq:FVM}
pdfTeX warning (ext4): destination with the same identifier (name{equation.5}) has been already used, duplicate ignored
<to be read again> 
                   \relax 
l.540 \begin{equation}
                      \label{eq:FVM}
pdfTeX warning (ext4): destination with the same identifier (name{equation.5}) has been already used, duplicate ignored
<to be read again> 
                   \relax 
l.540 \begin{equation}
                      \label{eq:FVM}

[9]

c:/Users/fababa/Dropbox/AssetPricing/DSGE_BSDE/DSGE_BSDE/Tex/BSDE_12.tex:550: Package pgfkeys Error: I do not know the key '/tcb/didacticstyle' and I am going to ignore it. Perhaps you misspelled it.

See the pgfkeys package documentation for explanation.
Type  H <return>  for immediate help.
 ...                                              
                                                  
l.550 \begin{tcolorbox}[didacticstyle]
                                      
(That was another \errmessage.)


c:/Users/fababa/Dropbox/AssetPricing/DSGE_BSDE/DSGE_BSDE/Tex/BSDE_12.tex:554: Package pgfkeys Error: I do not know the key '/tcb/sympycheckstyle' and I am going to ignore it. Perhaps you misspelled it.

See the pgfkeys package documentation for explanation.
Type  H <return>  for immediate help.
 ...                                              
                                                  
l.554 \begin{tcolorbox}[sympycheckstyle]
                                        
(That was another \errmessage.)


LaTeX Warning: Reference `eq:FVM_upwind' on page 10 undefined on input line 555.


LaTeX Warning: Reference `prop:pricing' on page 1 undefined on input line 578.

c:/Users/fababa/Dropbox/AssetPricing/DSGE_BSDE/DSGE_BSDE/Tex/BSDE_12.tex:578: Double superscript.
l.578 ...g \Cref{prop:pricing} and assemble $\LxQ^
                                                  {(n)}$.
I treat `x^1^2' essentially like `x^1{}^2'.


LaTeX Warning: Reference `eq:HJB' on page 1 undefined on input line 579.


LaTeX Warning: Reference `sec:FVM' on page 1 undefined on input line 579.


LaTeX Warning: Reference `eq:FP' on page 1 undefined on input line 580.


LaTeX Warning: Reference `eq:FVM' on page 10 undefined on input line 580.


LaTeX Warning: Reference `eq:FVM_upwind' on page 10 undefined on input line 580.


c:/Users/fababa/Dropbox/AssetPricing/DSGE_BSDE/DSGE_BSDE/Tex/BSDE_12.tex:584: Package pgfkeys Error: I do not know the key '/tcb/didacticstyle' and I am going to ignore it. Perhaps you misspelled it.

See the pgfkeys package documentation for explanation.
Type  H <return>  for immediate help.
 ...                                              
                                                  
l.584 \begin{tcolorbox}[didacticstyle]
                                      
(That was another \errmessage.)



[10]

LaTeX Warning: Reference `app:loss' on page 11 undefined on input line 595.


c:/Users/fababa/Dropbox/AssetPricing/DSGE_BSDE/DSGE_BSDE/Tex/BSDE_12.tex:603: Package pgfkeys Error: I do not know the key '/tcb/mathstyle' and I am going to ignore it. Perhaps you misspelled it.

See the pgfkeys package documentation for explanation.
Type  H <return>  for immediate help.
 ...                                              
                                                  
l.603 \begin{tcolorbox}[mathstyle]
                                  
(That was another \errmessage.)


LaTeX Warning: Citation `huang_2025_probabilistic' on page 11 undefined on input line 609.


c:/Users/fababa/Dropbox/AssetPricing/DSGE_BSDE/DSGE_BSDE/Tex/BSDE_12.tex:619: Package pgfkeys Error: I do not know the key '/tcb/didacticstyle' and I am going to ignore it. Perhaps you misspelled it.

See the pgfkeys package documentation for explanation.
Type  H <return>  for immediate help.
 ...                                              
                                                  
l.619 \begin{tcolorbox}[didacticstyle]
                                      
(That was another \errmessage.)

c:/Users/fababa/Dropbox/AssetPricing/DSGE_BSDE/DSGE_BSDE/Tex/BSDE_12.tex:627: Undefined control sequence.
l.627 ...Forward step.} For each time increment:\n
                                                  \begin{enumerate}[label=\a...
The control sequence at the end of the top line
of your error message was never \def'ed. If you have
misspelled it (e.g., `\hobx'), type `I' and the correct
spelling (e.g., `I\hbox'). Otherwise just continue,
and I'll forget about whatever was undefined.



[11]

LaTeX Warning: Reference `eq:BSDE_V' on page 12 undefined on input line 630.

c:/Users/fababa/Dropbox/AssetPricing/DSGE_BSDE/DSGE_BSDE/Tex/BSDE_12.tex:633: Undefined control sequence.
l.633 ...} Minimize the pathwise Markov mismatch\n
                                                  \[\n\mathcal{L}(\Theta) = ...
The control sequence at the end of the top line
of your error message was never \def'ed. If you have
misspelled it (e.g., `\hobx'), type `I' and the correct
spelling (e.g., `I\hbox'). Otherwise just continue,
and I'll forget about whatever was undefined.

c:/Users/fababa/Dropbox/AssetPricing/DSGE_BSDE/DSGE_BSDE/Tex/BSDE_12.tex:633: Undefined control sequence.
l.633 ...nimize the pathwise Markov mismatch\n\[\n
                                                  \mathcal{L}(\Theta) = \fra...
The control sequence at the end of the top line
of your error message was never \def'ed. If you have
misspelled it (e.g., `\hobx'), type `I' and the correct
spelling (e.g., `I\hbox'). Otherwise just continue,
and I'll forget about whatever was undefined.

c:/Users/fababa/Dropbox/AssetPricing/DSGE_BSDE/DSGE_BSDE/Tex/BSDE_12.tex:633: Undefined control sequence.
l.633 ...t^{(m)} - \widehat{Y}_t^{(m)} \big\|^2.\n
                                                  \]\n\item \textbf{Equilibr...
The control sequence at the end of the top line
of your error message was never \def'ed. If you have
misspelled it (e.g., `\hobx'), type `I' and the correct
spelling (e.g., `I\hbox'). Otherwise just continue,
and I'll forget about whatever was undefined.

c:/Users/fababa/Dropbox/AssetPricing/DSGE_BSDE/DSGE_BSDE/Tex/BSDE_12.tex:633: Undefined control sequence.
l.633 ...m)} - \widehat{Y}_t^{(m)} \big\|^2.\n\]\n
                                                  \item \textbf{Equilibrium ...
The control sequence at the end of the top line
of your error message was never \def'ed. If you have
misspelled it (e.g., `\hobx'), type `I' and the correct
spelling (e.g., `I\hbox'). Otherwise just continue,
and I'll forget about whatever was undefined.

c:/Users/fababa/Dropbox/AssetPricing/DSGE_BSDE/DSGE_BSDE/Tex/BSDE_12.tex:633: Undefined control sequence.
l.633 .... Iterate steps~2--4 until convergence.\n
                                                  \end{enumerate}\n\n\begin{...
The control sequence at the end of the top line
of your error message was never \def'ed. If you have
misspelled it (e.g., `\hobx'), type `I' and the correct
spelling (e.g., `I\hbox'). Otherwise just continue,
and I'll forget about whatever was undefined.

c:/Users/fababa/Dropbox/AssetPricing/DSGE_BSDE/DSGE_BSDE/Tex/BSDE_12.tex:633: Undefined control sequence.
l.633 ...--4 until convergence.\n\end{enumerate}\n
                                                  \n\begin{tcolorbox}[litera...
The control sequence at the end of the top line
of your error message was never \def'ed. If you have
misspelled it (e.g., `\hobx'), type `I' and the correct
spelling (e.g., `I\hbox'). Otherwise just continue,
and I'll forget about whatever was undefined.

c:/Users/fababa/Dropbox/AssetPricing/DSGE_BSDE/DSGE_BSDE/Tex/BSDE_12.tex:633: Undefined control sequence.
l.633 ...4 until convergence.\n\end{enumerate}\n\n
                                                  \begin{tcolorbox}[literatu...
The control sequence at the end of the top line
of your error message was never \def'ed. If you have
misspelled it (e.g., `\hobx'), type `I' and the correct
spelling (e.g., `I\hbox'). Otherwise just continue,
and I'll forget about whatever was undefined.


c:/Users/fababa/Dropbox/AssetPricing/DSGE_BSDE/DSGE_BSDE/Tex/BSDE_12.tex:633: Package pgfkeys Error: I do not know the key '/tcb/literaturestyle' and I am going to ignore it. Perhaps you misspelled it.

See the pgfkeys package documentation for explanation.
Type  H <return>  for immediate help.
 ...                                              
                                                  
l.633 ...te}\n\n\begin{tcolorbox}[literaturestyle]
                                                  \n\textbf{High-Dimensional...
(That was another \errmessage.)

c:/Users/fababa/Dropbox/AssetPricing/DSGE_BSDE/DSGE_BSDE/Tex/BSDE_12.tex:633: Undefined control sequence.
l.633 ...}\n\n\begin{tcolorbox}[literaturestyle]\n
                                                  \textbf{High-Dimensional C...
The control sequence at the end of the top line
of your error message was never \def'ed. If you have
misspelled it (e.g., `\hobx'), type `I' and the correct
spelling (e.g., `I\hbox'). Otherwise just continue,
and I'll forget about whatever was undefined.

c:/Users/fababa/Dropbox/AssetPricing/DSGE_BSDE/DSGE_BSDE/Tex/BSDE_12.tex:633: Missing $ inserted.
<inserted text> 
                $
l.633 ...{High-Dimensional Controls.} \\cite{chen_
                                                  huang_2025_controls} combi...
I've inserted a begin-math/end-math symbol since I think
you left one out. Proceed, with fingers crossed.

c:/Users/fababa/Dropbox/AssetPricing/DSGE_BSDE/DSGE_BSDE/Tex/BSDE_12.tex:633: Extra }, or forgotten $.
l.633 ...ntrols.} \\cite{chen_huang_2025_controls}
                                                   combine Deep BSDE solvers...
I've deleted a group-closing symbol because it seems to be
spurious, as in `$x}$'. But perhaps the } is legitimate and
you forgot something else, as in `\hbox{$x}'. In such cases
the way to recover is to insert both the forgotten and the
deleted material, e.g., by typing `I$}'.

c:/Users/fababa/Dropbox/AssetPricing/DSGE_BSDE/DSGE_BSDE/Tex/BSDE_12.tex:633: Undefined control sequence.
l.633 ...listic and PDE tools can be hybridized.\n
                                                  \end{tcolorbox}\n\n%======...
The control sequence at the end of the top line
of your error message was never \def'ed. If you have
misspelled it (e.g., `\hobx'), type `I' and the correct
spelling (e.g., `I\hbox'). Otherwise just continue,
and I'll forget about whatever was undefined.

c:/Users/fababa/Dropbox/AssetPricing/DSGE_BSDE/DSGE_BSDE/Tex/BSDE_12.tex:633: Missing $ inserted.
<inserted text> 
                $
l.633 ...tools can be hybridized.\n\end{tcolorbox}
                                                  \n\n%========================
I've inserted a begin-math/end-math symbol since I think
you left one out. Proceed, with fingers crossed.


Underfull \hbox (badness 10000) in paragraph at lines 633--633
\T1/cmr/m/n/10.95 citechen$[]\OML/cmm/m/it/10.95 uang[]\OT1/cmr/m/n/10.95 025[]\OML/cmm/m/it/10.95 ontrolscombineDeepBSDEsolverswithFVM \OMS/cmsy/m/n/10.95 ^^@
 []


Overfull \hbox (180.82533pt too wide) in paragraph at lines 633--633
\OML/cmm/m/it/10.95 stylediscretizationsformodelsfeaturinghigh \OMS/cmsy/m/n/10.95 ^^@ \OML/cmm/m/it/10.95 dimensionalcontrols; illustratinghowprobabilisticandPDEtoolscanbehybridized:$ 
 []

c:/Users/fababa/Dropbox/AssetPricing/DSGE_BSDE/DSGE_BSDE/Tex/BSDE_12.tex:633: Missing } inserted.
<inserted text> 
                }
l.633 ...tools can be hybridized.\n\end{tcolorbox}
                                                  \n\n%========================
I've inserted something that you may have forgotten.
(See the <inserted text> above.)
With luck, this will get me unwedged. But if you
really didn't forget anything, try typing `2' now; then
my insertion and my current dilemma will both disappear.

c:/Users/fababa/Dropbox/AssetPricing/DSGE_BSDE/DSGE_BSDE/Tex/BSDE_12.tex:633: Undefined control sequence.
l.633 ...ols can be hybridized.\n\end{tcolorbox}\n
                                                  \n%========================
The control sequence at the end of the top line
of your error message was never \def'ed. If you have
misspelled it (e.g., `\hobx'), type `I' and the correct
spelling (e.g., `I\hbox'). Otherwise just continue,
and I'll forget about whatever was undefined.

c:/Users/fababa/Dropbox/AssetPricing/DSGE_BSDE/DSGE_BSDE/Tex/BSDE_12.tex:633: Undefined control sequence.
l.633 ...s can be hybridized.\n\end{tcolorbox}\n\n
                                                  %========================
The control sequence at the end of the top line
of your error message was never \def'ed. If you have
misspelled it (e.g., `\hobx'), type `I' and the correct
spelling (e.g., `I\hbox'). Otherwise just continue,
and I'll forget about whatever was undefined.



[12]
Overfull \hbox (30.74478pt too wide) in paragraph at lines 682--683
\T1/cmr/m/n/10.95 For a col-lo-ca-tion tu-ple $\OT1/cmr/m/n/10.95 (\OML/cmm/m/it/10.95 k; z; x\OT1/cmr/m/n/10.95 )$\T1/cmr/m/n/10.95 , an em-pir-i-cal mea-sure $\OML/cmm/m/it/10.95 m \OT1/cmr/m/n/10.95 = [] [][] \OML/cmm/m/it/10.95 ^^N[]$\T1/cmr/m/n/10.95 , and pa-ram-e-ter-ized $\OML/cmm/m/it/10.95 U[]; ^^N[]U[]; r[]; ^^U[]$
 []

LaTeX Font Info:    Font shape `T1/cmtt/bx/n' in size <14.4> not available
(Font)              Font shape `T1/cmtt/m/n' tried instead on input line 705.


[13]
Overfull \hbox (5.54814pt too wide) in paragraph at lines 762--762
[]\T1/cmtt/m/n/10.95 i, k, p, phi_plus, phi_minus = sp.symbols('i k p phi_plus phi_minus', positive=True)[] 
 []



[14]

[15]
c:/Users/fababa/Dropbox/AssetPricing/DSGE_BSDE/DSGE_BSDE/Tex/BSDE_12.tex:811: Undefined control sequence.
l.811 print('\nAll
                   SymPy verification checks passed.')
The control sequence at the end of the top line
of your error message was never \def'ed. If you have
misspelled it (e.g., `\hobx'), type `I' and the correct
spelling (e.g., `I\hbox'). Otherwise just continue,
and I'll forget about whatever was undefined.


c:/Users/fababa/Dropbox/AssetPricing/DSGE_BSDE/DSGE_BSDE/Tex/BSDE_12.tex:815: Package pgfkeys Error: I do not know the key '/tcb/sympycheckstyle' and I am going to ignore it. Perhaps you misspelled it.

See the pgfkeys package documentation for explanation.
Type  H <return>  for immediate help.
 ...                                              
                                                  
l.815 ...t lemma check (explicit grad/Hessian)}]
                                                  
(That was another \errmessage.)


Overfull \hbox (48.16283pt too wide) in paragraph at lines 824--824
[]\T1/cmtt/m/n/10.95 # Choose a concrete scalar function f(x1,x2,t) to avoid purely abstract tensor caveats[] 
 []


Overfull \hbox (257.52255pt too wide) in paragraph at lines 842--842
[]\T1/cmtt/m/n/10.95 ito_diff_term = sp.Rational(1,2) * (SS.multiply_elementwise(H.T)).sum()  # since H is symmetric, trace(SS*H) = sum(SS .* H)[] 
 []


Overfull \hbox (14.2126pt too wide) in paragraph at lines 845--845
[]\T1/cmtt/m/n/10.95 drift_ito = sp.simplify(g_t + (grad.T * sp.Matrix([b1, b2]))[0] + ito_diff_term)[] 
 []


Overfull \hbox (48.16283pt too wide) in paragraph at lines 847--847
[]\T1/cmtt/m/n/10.95 # Build the explicit target by manual expansion to cross-check (equivalent expression)[] 
 []


Overfull \hbox (183.96373pt too wide) in paragraph at lines 848--848
[]\T1/cmtt/m/n/10.95 # Target: e^t * [ (x1^2*x2 + sin x2) + (dg/dx1)*(x1+x2) + (dg/dx2)*(x1-x2) + 0.5*(x1^2*g_x1x1 + x2^2*g_x2x2) ][] 
 []


Overfull \hbox (76.45468pt too wide) in paragraph at lines 853--853
[]\T1/cmtt/m/n/10.95 target = g_t + gx1*(x1 + x2) + gx2*(x1 - x2) + sp.Rational(1,2)*(x1**2*gxx11 + x2**2*gxx22)[] 
 []



[16]
Overfull \hbox (45.15674pt too wide) in paragraph at lines 875--875
[]\T1/cmtt/m/n/10.95 >>> target = g_t + gx1*(x1+x2) + gx2*(x1-x2) + sp.Rational(1,2)*(x1**2*gxx11 + x2**2*gxx22)[] 
 []



[17] (c:\Users\fababa\Dropbox\AssetPricing\DSGE_BSDE\DSGE_BSDE\Tex\.out\BSDE_12.aux)
 ***********
LaTeX2e <2025-06-01> patch level 1
L3 programming layer <2025-07-20>
 ***********


LaTeX Warning: There were undefined references.


LaTeX Warning: Label(s) may have changed. Rerun to get cross-references right.


Package rerunfilecheck Warning: File `BSDE_12.out' has changed.
(rerunfilecheck)                Rerun to get outlines right
(rerunfilecheck)                or use package `bookmark'.

Package rerunfilecheck Info: Checksums for `BSDE_12.out':
(rerunfilecheck)             Before: <no file>
(rerunfilecheck)             After:  1101C16A2F861AF058D8CAF932E9A683;7170.
 ) 
Here is how much of TeX's memory you used:
 26172 strings out of 468134
 508843 string characters out of 5430256
 921762 words of memory out of 5000000
 54272 multiletter control sequences out of 15000+600000
 646360 words of font info for 90 fonts, out of 8000000 for 9000
 1141 hyphenation exceptions out of 8191
 116i,20n,121p,803b,835s stack positions out of 10000i,1000n,20000p,200000b,200000s
 <C:\Users\fababa\AppData\Local\MiKTeX\fonts/pk/ljfour/jknappen/ec/dpi600\ecti1000.pk> <C:\Users\fababa\AppData\Local\MiKTeX\fonts/pk/ljfour/jknappen/ec/dpi600\ecrm1000.pk> <C:\Users\fababa\AppData\Local\MiKTeX\fonts/pk/ljfour/jknappen/ec/dpi600\tctt1095.pk> <C:\Users\fababa\AppData\Local\MiKTeX\fonts/pk/ljfour/jknappen/ec/dpi600\ectt1440.pk> <C:\Users\fababa\AppData\Local\MiKTeX\fonts/pk/ljfour/jknappen/ec/dpi600\ecti0800.pk> <C:\Users\fababa\AppData\Local\MiKTeX\fonts/pk/ljfour/jknappen/ec/dpi600\ecbi1095.pk> <C:\Users\fababa\AppData\Local\MiKTeX\fonts/pk/ljfour/jknappen/ec/dpi600\ecti1095.pk> <C:\Users\fababa\AppData\Local\MiKTeX\fonts/pk/ljfour/jknappen/ec/dpi600\ecrm0800.pk> <C:\Users\fababa\AppData\Local\MiKTeX\fonts/pk/ljfour/jknappen/ec/dpi600\ectt1095.pk> <C:\Users\fababa\AppData\Local\MiKTeX\fonts/pk/ljfour/jknappen/ec/dpi600\tcrm1095.pk> <C:\Users\fababa\AppData\Local\MiKTeX\fonts/pk/ljfour/jknappen/ec/dpi600\ecbx1095.pk> <C:\Users\fababa\AppData\Local\MiKTeX\fonts/pk/ljfour/jknappen/ec/dpi600\ecbx1200.pk> <C:\Users\fababa\AppData\Local\MiKTeX\fonts/pk/ljfour/jknappen/ec/dpi600\ecbx1440.pk> <C:\Users\fababa\AppData\Local\MiKTeX\fonts/pk/ljfour/jknappen/ec/dpi600\ecrm1095.pk><C:/Users/fababa/AppData/Local/Programs/MiKTeX/fonts/type1/public/amsfonts/cm/cmex10.pfb><C:/Users/fababa/AppData/Local/Programs/MiKTeX/fonts/type1/public/amsfonts/cm/cmmi10.pfb><C:/Users/fababa/AppData/Local/Programs/MiKTeX/fonts/type1/public/amsfonts/cm/cmmi12.pfb><C:/Users/fababa/AppData/Local/Programs/MiKTeX/fonts/type1/public/amsfonts/cm/cmmi6.pfb><C:/Users/fababa/AppData/Local/Programs/MiKTeX/fonts/type1/public/amsfonts/cm/cmmi8.pfb><C:/Users/fababa/AppData/Local/Programs/MiKTeX/fonts/type1/public/amsfonts/cm/cmr10.pfb><C:/Users/fababa/AppData/Local/Programs/MiKTeX/fonts/type1/public/amsfonts/cm/cmr6.pfb><C:/Users/fababa/AppData/Local/Programs/MiKTeX/fonts/type1/public/amsfonts/cm/cmr8.pfb><C:/Users/fababa/AppData/Local/Programs/MiKTeX/fonts/type1/public/amsfonts/cm/cmsy10.pfb><C:/Users/fababa/AppData/Local/Programs/MiKTeX/fonts/type1/public/amsfonts/cm/cmsy6.pfb><C:/Users/fababa/AppData/Local/Programs/MiKTeX/fonts/type1/public/amsfonts/cm/cmsy8.pfb><C:/Users/fababa/AppData/Local/Programs/MiKTeX/fonts/type1/public/amsfonts/symbols/msbm10.pfb>
Output written on c:\Users\fababa\Dropbox\AssetPricing\DSGE_BSDE\DSGE_BSDE\Tex\.out\BSDE_12.pdf (17 pages, 417114 bytes).
PDF statistics:
 901 PDF objects out of 1000 (max. 8388607)
 124 named destinations out of 1000 (max. 500000)
 13 words of extra memory for PDF output out of 10000 (max. 10000000)

